{"/Users/footios/development/Testing/Jest/intro/anagram.js": {"path":"/Users/footios/development/Testing/Jest/intro/anagram.js","statementMap":{"0":{"start":{"line":2,"column":2},"end":{"line":2,"column":45}},"1":{"start":{"line":7,"column":2},"end":{"line":7,"column":75}},"2":{"start":{"line":10,"column":0},"end":{"line":10,"column":27}}},"fnMap":{"0":{"name":"isAnagram","decl":{"start":{"line":1,"column":9},"end":{"line":1,"column":18}},"loc":{"start":{"line":1,"column":31},"end":{"line":3,"column":1}},"line":1},"1":{"name":"formatStr","decl":{"start":{"line":6,"column":9},"end":{"line":6,"column":18}},"loc":{"start":{"line":6,"column":24},"end":{"line":8,"column":1}},"line":6}},"branchMap":{},"s":{"0":3,"1":6,"2":1},"f":{"0":3,"1":6},"b":{},"_coverageSchema":"1a1c01bbd47fc00a2c39e90264f33305004495a9","hash":"2b8d1bdfc2f8c843702df732f741d06fa28289bc"}
,"/Users/footios/development/Testing/Jest/intro/chunck.js": {"path":"/Users/footios/development/Testing/Jest/intro/chunck.js","statementMap":{"0":{"start":{"line":1,"column":20},"end":{"line":19,"column":1}},"1":{"start":{"line":3,"column":21},"end":{"line":3,"column":23}},"2":{"start":{"line":6,"column":2},"end":{"line":16,"column":5}},"3":{"start":{"line":8,"column":17},"end":{"line":8,"column":50}},"4":{"start":{"line":11,"column":4},"end":{"line":15,"column":5}},"5":{"start":{"line":12,"column":6},"end":{"line":12,"column":29}},"6":{"start":{"line":14,"column":6},"end":{"line":14,"column":21}},"7":{"start":{"line":18,"column":2},"end":{"line":18,"column":20}},"8":{"start":{"line":21,"column":0},"end":{"line":21,"column":29}}},"fnMap":{"0":{"name":"(anonymous_0)","decl":{"start":{"line":1,"column":20},"end":{"line":1,"column":21}},"loc":{"start":{"line":1,"column":34},"end":{"line":19,"column":1}},"line":1},"1":{"name":"(anonymous_1)","decl":{"start":{"line":6,"column":14},"end":{"line":6,"column":15}},"loc":{"start":{"line":6,"column":23},"end":{"line":16,"column":3}},"line":6}},"branchMap":{"0":{"loc":{"start":{"line":11,"column":4},"end":{"line":15,"column":5}},"type":"if","locations":[{"start":{"line":11,"column":4},"end":{"line":15,"column":5}},{"start":{"line":11,"column":4},"end":{"line":15,"column":5}}],"line":11},"1":{"loc":{"start":{"line":11,"column":8},"end":{"line":11,"column":36}},"type":"binary-expr","locations":[{"start":{"line":11,"column":8},"end":{"line":11,"column":13}},{"start":{"line":11,"column":17},"end":{"line":11,"column":36}}],"line":11}},"s":{"0":1,"1":1,"2":1,"3":10,"4":10,"5":5,"6":5,"7":1,"8":1},"f":{"0":1,"1":10},"b":{"0":[5,5],"1":[10,9]},"_coverageSchema":"1a1c01bbd47fc00a2c39e90264f33305004495a9","hash":"4666e8b73503f16fb75918a5f3322765db7742b6"}
,"/Users/footios/development/Testing/Jest/intro/functions.js": {"path":"/Users/footios/development/Testing/Jest/intro/functions.js","statementMap":{"0":{"start":{"line":1,"column":27},"end":{"line":1,"column":43}},"1":{"start":{"line":3,"column":18},"end":{"line":17,"column":1}},"2":{"start":{"line":4,"column":23},"end":{"line":4,"column":34}},"3":{"start":{"line":5,"column":16},"end":{"line":5,"column":20}},"4":{"start":{"line":6,"column":21},"end":{"line":6,"column":22}},"5":{"start":{"line":8,"column":17},"end":{"line":8,"column":38}},"6":{"start":{"line":9,"column":4},"end":{"line":9,"column":34}},"7":{"start":{"line":10,"column":4},"end":{"line":10,"column":16}},"8":{"start":{"line":13,"column":4},"end":{"line":16,"column":30}},"9":{"start":{"line":15,"column":21},"end":{"line":15,"column":29}},"10":{"start":{"line":16,"column":22},"end":{"line":16,"column":29}},"11":{"start":{"line":19,"column":0},"end":{"line":19,"column":27}}},"fnMap":{"0":{"name":"(anonymous_0)","decl":{"start":{"line":4,"column":7},"end":{"line":4,"column":8}},"loc":{"start":{"line":4,"column":23},"end":{"line":4,"column":34}},"line":4},"1":{"name":"(anonymous_1)","decl":{"start":{"line":5,"column":10},"end":{"line":5,"column":11}},"loc":{"start":{"line":5,"column":16},"end":{"line":5,"column":20}},"line":5},"2":{"name":"(anonymous_2)","decl":{"start":{"line":6,"column":14},"end":{"line":6,"column":15}},"loc":{"start":{"line":6,"column":21},"end":{"line":6,"column":22}},"line":6},"3":{"name":"(anonymous_3)","decl":{"start":{"line":7,"column":14},"end":{"line":7,"column":15}},"loc":{"start":{"line":7,"column":20},"end":{"line":11,"column":3}},"line":7},"4":{"name":"(anonymous_4)","decl":{"start":{"line":12,"column":13},"end":{"line":12,"column":14}},"loc":{"start":{"line":13,"column":4},"end":{"line":16,"column":30}},"line":13},"5":{"name":"(anonymous_5)","decl":{"start":{"line":15,"column":12},"end":{"line":15,"column":13}},"loc":{"start":{"line":15,"column":21},"end":{"line":15,"column":29}},"line":15},"6":{"name":"(anonymous_6)","decl":{"start":{"line":16,"column":13},"end":{"line":16,"column":14}},"loc":{"start":{"line":16,"column":22},"end":{"line":16,"column":29}},"line":16}},"branchMap":{},"s":{"0":1,"1":1,"2":2,"3":1,"4":1,"5":1,"6":1,"7":1,"8":1,"9":1,"10":0,"11":1},"f":{"0":2,"1":1,"2":1,"3":1,"4":1,"5":1,"6":0},"b":{},"_coverageSchema":"1a1c01bbd47fc00a2c39e90264f33305004495a9","hash":"058b8f25f9e10f84c2b23a1dcc3d54e0e7203d3f"}
,"/Users/footios/development/Testing/Jest/intro/reverseString.js": {"path":"/Users/footios/development/Testing/Jest/intro/reverseString.js","statementMap":{"0":{"start":{"line":1,"column":22},"end":{"line":1,"column":77}},"1":{"start":{"line":1,"column":31},"end":{"line":1,"column":77}},"2":{"start":{"line":3,"column":0},"end":{"line":3,"column":31}}},"fnMap":{"0":{"name":"(anonymous_0)","decl":{"start":{"line":1,"column":22},"end":{"line":1,"column":23}},"loc":{"start":{"line":1,"column":31},"end":{"line":1,"column":77}},"line":1}},"branchMap":{},"s":{"0":1,"1":1,"2":1},"f":{"0":1},"b":{},"_coverageSchema":"1a1c01bbd47fc00a2c39e90264f33305004495a9","hash":"e817e537aa6def8df883e792f52966c8c15a4109"}
}
